Using pre-set license
<<<<<<< HEAD
Built from '2020.2/staging' branch; Version is '2020.2.6f1 (8a2143876886) revision 9052483'; Using compiler version '192528614'; Build Type 'Release'
OS: 'Windows 10 Home; OS build 19042.867; Version 2009; 64bit' Language: 'en' Physical Memory: 16135 MB
BatchMode: 1, IsHumanControllingUs: 0, StartBugReporterOnCrash: 0, Is64bit: 1, IsPro: 0

 COMMAND LINE ARGUMENTS:
C:\Program Files\Unity\Hub\Editor\2020.2.6f1\Editor\Unity.exe
=======
Built from '2021.1/release' branch; Version is '2021.1.0f1 (61a549675243) revision 6399305'; Using compiler version '192528614'; Build Type 'Release'
OS: 'Windows 10 Home; OS build 19041.867; Version 2004; 64bit' Language: 'nl' Physical Memory: 16135 MB
BatchMode: 1, IsHumanControllingUs: 0, StartBugReporterOnCrash: 0, Is64bit: 1, IsPro: 0

 COMMAND LINE ARGUMENTS:
C:\Program Files\Unity\Hub\Editor\2021.1.0f1\Editor\Unity.exe
>>>>>>> main
-adb2
-batchMode
-noUpm
-name
AssetImportWorker0
-projectPath
<<<<<<< HEAD
C:/Users/rosan/OneDrive/Bureaublad/VR/EscapreVRRoom/Escape VR Room
-logFile
Logs/AssetImportWorker0.log
-srvPort
64441
Successfully changed project path to: C:/Users/rosan/OneDrive/Bureaublad/VR/EscapreVRRoom/Escape VR Room
C:/Users/rosan/OneDrive/Bureaublad/VR/EscapreVRRoom/Escape VR Room
Using Asset Import Pipeline V2.
Refreshing native plugins compatible for Editor in 42.10 ms, found 1 plugins.
Preloading 0 native plugins for Editor in 0.00 ms.
Initialize engine version: 2020.2.6f1 (8a2143876886)
[Subsystems] Discovering subsystems at path C:/Program Files/Unity/Hub/Editor/2020.2.6f1/Editor/Data/Resources/UnitySubsystems
[Subsystems] Discovering subsystems at path C:/Users/rosan/OneDrive/Bureaublad/VR/EscapreVRRoom/Escape VR Room/Assets
GfxDevice: creating device client; threaded=0
Direct3D:
    Version:  Direct3D 11.0 [level 11.1]
    Renderer: NVIDIA Quadro T1000 with Max-Q Design (ID=0x1fb9)
    Vendor:   
    VRAM:     3962 MB
    Driver:   27.21.14.5266
Initialize mono
Mono path[0] = 'C:/Program Files/Unity/Hub/Editor/2020.2.6f1/Editor/Data/Managed'
Mono path[1] = 'C:/Program Files/Unity/Hub/Editor/2020.2.6f1/Editor/Data/MonoBleedingEdge/lib/mono/unityjit'
Mono config path = 'C:/Program Files/Unity/Hub/Editor/2020.2.6f1/Editor/Data/MonoBleedingEdge/etc'
Using monoOptions --debugger-agent=transport=dt_socket,embedding=1,server=y,suspend=n,address=127.0.0.1:56360
Begin MonoManager ReloadAssembly
Registering precompiled unity dll's ...
Register platform support module: C:/Program Files/Unity/Hub/Editor/2020.2.6f1/Editor/Data/PlaybackEngines/WindowsStandaloneSupport/UnityEditor.WindowsStandalone.Extensions.dll
Registered in 0.002022 seconds.
Native extension for WindowsStandalone target not found
Refreshing native plugins compatible for Editor in 31.40 ms, found 1 plugins.
Preloading 0 native plugins for Editor in 0.00 ms.
Invoked RoslynAnalysisRunner static constructor.
RoslynAnalysisRunner will not be running.
RoslynAnalysisRunner has terminated.
Mono: successfully reloaded assembly
- Completed reload, in  1.222 seconds
Platform modules already initialized, skipping
Registering precompiled user dll's ...
Registered in 0.010654 seconds.
Begin MonoManager ReloadAssembly
Native extension for WindowsStandalone target not found
Refreshing native plugins compatible for Editor in 0.44 ms, found 1 plugins.
Preloading 0 native plugins for Editor in 0.00 ms.
Invoked RoslynAnalysisRunner static constructor.
RoslynAnalysisRunner will not be running.
RoslynAnalysisRunner has terminated.
Mono: successfully reloaded assembly
- Completed reload, in  1.216 seconds
Platform modules already initialized, skipping
========================================================================
Worker process is ready to serve import requests
Launched and connected shader compiler UnityShaderCompiler.exe after 0.05 seconds
Refreshing native plugins compatible for Editor in 0.66 ms, found 1 plugins.
Preloading 0 native plugins for Editor in 0.00 ms.
Unloading 1242 Unused Serialized files (Serialized files now loaded: 0)
System memory in use before: 65.9 MB.
System memory in use after: 65.9 MB.

Unloading 31 unused Assets to reduce memory usage. Loaded Objects now: 1807.
Total: 3.119800 ms (FindLiveObjects: 0.304300 ms CreateObjectMapping: 0.130200 ms MarkObjects: 2.571100 ms  DeleteObjects: 0.112800 ms)

========================================================================
Received Import Request.
  path: Assets/Scenes
  artifactKey: Guid(3e174f596b33b2b49ac605f01996ba80) Importer(815301076,1909f56bfc062723c751e8b465ee728b)
Start importing Assets/Scenes using Guid(3e174f596b33b2b49ac605f01996ba80) Importer(815301076,1909f56bfc062723c751e8b465ee728b)  -> (artifact id: '7e58b28a557a1174b86ff5cfbe18cde7') in 0.010401 seconds
  Import took 0.012964 seconds .

========================================================================
Received Import Request.
  Time since last request: 0.000207 seconds.
  path: Assets/Scenes/SampleScene.unity
  artifactKey: Guid(9fc0d4010bbf28b4594072e72b8655ab) Importer(815301076,1909f56bfc062723c751e8b465ee728b)
Start importing Assets/Scenes/SampleScene.unity using Guid(9fc0d4010bbf28b4594072e72b8655ab) Importer(815301076,1909f56bfc062723c751e8b465ee728b)  -> (artifact id: '090ff7bb9005b4bfe1e3e5eacc7575f3') in 0.020904 seconds
  Import took 0.025146 seconds .

========================================================================
Received Import Request.
  Time since last request: 197.090259 seconds.
  path: Assets
  artifactKey: Guid(00000000000000001000000000000000) Importer(815301076,1909f56bfc062723c751e8b465ee728b)
Start importing Assets using Guid(00000000000000001000000000000000) Importer(815301076,1909f56bfc062723c751e8b465ee728b)  -> (artifact id: 'f47cf443bddc682ac2de11ea429897ce') in 0.008789 seconds
  Import took 0.012488 seconds .

========================================================================
Received Import Request.
  Time since last request: 31.602978 seconds.
  path: Assets/VRChat Examples
  artifactKey: Guid(0b46e5de7d8b27a40b93955f8bd29443) Importer(815301076,1909f56bfc062723c751e8b465ee728b)
Start importing Assets/VRChat Examples using Guid(0b46e5de7d8b27a40b93955f8bd29443) Importer(815301076,1909f56bfc062723c751e8b465ee728b)  -> (artifact id: 'c11a3c2486b71fb4401799eca1d1e1f7') in 0.013780 seconds
  Import took 0.016605 seconds .

========================================================================
Received Import Request.
  Time since last request: 1.812828 seconds.
  path: Assets/VRChat Examples/Examples2
  artifactKey: Guid(a2b9f14f97b96f54eb85bfb11aced50b) Importer(815301076,1909f56bfc062723c751e8b465ee728b)
Start importing Assets/VRChat Examples/Examples2 using Guid(a2b9f14f97b96f54eb85bfb11aced50b) Importer(815301076,1909f56bfc062723c751e8b465ee728b)  -> (artifact id: '622d46f1e97eb247e86e0419bb0bb239') in 0.009490 seconds
  Import took 0.012723 seconds .

=======
C:/Users/Tristan van Marle/Universiteit Twente/Universiteit Twente CreaTe/Module 3/Project/EscapreVRRoom/Escape VR Room
-logFile
Logs/AssetImportWorker0.log
-srvPort
62084
Successfully changed project path to: C:/Users/Tristan van Marle/Universiteit Twente/Universiteit Twente CreaTe/Module 3/Project/EscapreVRRoom/Escape VR Room
C:/Users/Tristan van Marle/Universiteit Twente/Universiteit Twente CreaTe/Module 3/Project/EscapreVRRoom/Escape VR Room
Using Asset Import Pipeline V2.
Refreshing native plugins compatible for Editor in 35.10 ms, found 1 plugins.
Preloading 0 native plugins for Editor in 0.00 ms.
Initialize engine version: 2021.1.0f1 (61a549675243)
[Subsystems] Discovering subsystems at path C:/Program Files/Unity/Hub/Editor/2021.1.0f1/Editor/Data/Resources/UnitySubsystems
[Subsystems] Discovering subsystems at path C:/Users/Tristan van Marle/Universiteit Twente/Universiteit Twente CreaTe/Module 3/Project/EscapreVRRoom/Escape VR Room/Assets
GfxDevice: creating device client; threaded=0; jobified=0
Direct3D:
    Version:  Direct3D 11.0 [level 11.1]
    Renderer: NVIDIA Quadro T1000 with Max-Q Design (ID=0x1fb9)
    Vendor:   NVIDIA
    VRAM:     3962 MB
    Driver:   27.21.14.5266
Initialize mono
Mono path[0] = 'C:/Program Files/Unity/Hub/Editor/2021.1.0f1/Editor/Data/Managed'
Mono path[1] = 'C:/Program Files/Unity/Hub/Editor/2021.1.0f1/Editor/Data/MonoBleedingEdge/lib/mono/unityjit'
Mono config path = 'C:/Program Files/Unity/Hub/Editor/2021.1.0f1/Editor/Data/MonoBleedingEdge/etc'
Using monoOptions --debugger-agent=transport=dt_socket,embedding=1,server=y,suspend=n,address=127.0.0.1:56920
Begin MonoManager ReloadAssembly
Registering precompiled unity dll's ...
Register platform support module: C:/Program Files/Unity/Hub/Editor/2021.1.0f1/Editor/Data/PlaybackEngines/WindowsStandaloneSupport/UnityEditor.WindowsStandalone.Extensions.dll
Registered in 0.001855 seconds.
Native extension for WindowsStandalone target not found
Refreshing native plugins compatible for Editor in 28.26 ms, found 1 plugins.
Preloading 0 native plugins for Editor in 0.00 ms.
Mono: successfully reloaded assembly
- Completed reload, in  1.164 seconds
Platform modules already initialized, skipping
Registering precompiled user dll's ...
Registered in 0.007494 seconds.
Begin MonoManager ReloadAssembly
Native extension for WindowsStandalone target not found
Refreshing native plugins compatible for Editor in 0.35 ms, found 1 plugins.
Preloading 0 native plugins for Editor in 0.00 ms.
Mono: successfully reloaded assembly
- Completed reload, in  1.000 seconds
Platform modules already initialized, skipping
========================================================================
Worker process is ready to serve import requests
Launched and connected shader compiler UnityShaderCompiler.exe after 0.04 seconds
Refreshing native plugins compatible for Editor in 0.32 ms, found 1 plugins.
Preloading 0 native plugins for Editor in 0.00 ms.
Unloading 1253 Unused Serialized files (Serialized files now loaded: 0)
System memory in use before: 67.7 MB.
System memory in use after: 67.7 MB.

Unloading 32 unused Assets to reduce memory usage. Loaded Objects now: 1832.
Total: 2.147300 ms (FindLiveObjects: 0.269700 ms CreateObjectMapping: 0.112000 ms MarkObjects: 1.692400 ms  DeleteObjects: 0.071400 ms)

========================================================================
Received Import Request.
  path: Assets/MayaImports/CarouselMaterials/CauldronMaterial.mat
  artifactKey: Guid(c5c544586935d814cbe653c8d816a588) Importer(815301076,1909f56bfc062723c751e8b465ee728b)
Start importing Assets/MayaImports/CarouselMaterials/CauldronMaterial.mat using Guid(c5c544586935d814cbe653c8d816a588) Importer(815301076,1909f56bfc062723c751e8b465ee728b)  -> (artifact id: '0070f8f8c119182839a9430d8487feb1') in 0.127171 seconds 
========================================================================
Received Import Request.
  Time since last request: 59.355469 seconds.
  path: Assets/MayaImports/Carousel.fbx
  artifactKey: Guid(61021f5a7ee4c33449ffc2476ca3a6e4) Importer(815301076,1909f56bfc062723c751e8b465ee728b)
Start importing Assets/MayaImports/Carousel.fbx using Guid(61021f5a7ee4c33449ffc2476ca3a6e4) Importer(815301076,1909f56bfc062723c751e8b465ee728b)  -> (artifact id: '1eebef82511a7788704efd1c286e4688') in 0.362255 seconds 
AssetImportWorkerClient::OnTransportError - code=2 error=End of file
>>>>>>> main
